adobe-source-code-pro-fonts
amd-ucode
base
base-devel
bat
bluez
bluez-utils
brave-bin
btop
calc
codespell
dunst-git
efibootmgr
eww-wayland
fd
ffmpegthumbnailer
firefox-developer-edition
fontpreview
fzf
git
glava
go
grim
gst-plugin-pipewire
hyprland-bin
hyprpicker-git
imagemagick
inkscape
kitty
lazygit
libcanberra
libpulse
linux
linux-firmware
linux-headers
lsd
lua-format
luacheck
luarocks
man-db
mediainfo
mplayer
mpv
mpvpaper-git r71.786f3ff-1
neovim
nnn-nerd
noto-fonts-cjk
noto-fonts-emoji
noto-fonts-extra
npm
nvimpager
openssh
paru
pipes-rs-git
pipewire
pipewire-alsa
pipewire-jack
pipewire-pulse
playerctl
polkit-kde-agent
pulsemixer
python-pip
python-pynvim
qbittorrent
ripgrep
rustup
sd
sddm-git
shellcheck-bin
shellharden
spotify
starship
stylua
swaylock
tldr
trash-cli
ttf-fira-code
ttf-nerd-fonts-symbols-2048-em
unzip
usbutils
v4l2loopback-dkms
via-bin
vlc
wget
wireplumber
wl-clipboard
wofi
wofi-emoji-git
xplr
zathura
zathura-pdf-mupdf
zoxide
zram-generator
zsh
